2025-01-03 23:06:31,647 [Worker-8: Loading available Gradle versions] INFO  o.e.b.c.i.u.g.PublishedGradleVersions - Gradle version information cache is up-to-date. Trying to read.
2025-01-03 23:19:11,467 [ModalContext] INFO  o.a.s.c.u.s.e.EdDSASecurityProviderRegistrar - getOrCreateProvider(EdDSA) created instance of net.i2p.crypto.eddsa.EdDSASecurityProvider
2025-01-03 23:19:11,786 [ModalContext] INFO  o.a.s.c.i.DefaultIoServiceFactoryFactory - No detected/configured IoServiceFactoryFactory; using Nio2ServiceFactoryFactory
2025-01-03 23:19:21,172 [sshd-JGitSshClient[7dd85251]-nio2-thread-4] WARN  o.e.j.i.t.sshd.JGitClientSession - exceptionCaught(JGitClientSession[ketha29@github.com/20.205.243.166:22])[state=Opened] SshException: Server key did not validate
2025-01-03 23:19:21,174 [sshd-JGitSshClient[7dd85251]-nio2-thread-4] INFO  o.e.j.i.t.sshd.JGitClientSession - Disconnecting(JGitClientSession[ketha29@github.com/20.205.243.166:22]): SSH2_DISCONNECT_HOST_KEY_NOT_VERIFIABLE - Server key did not validate
2025-01-03 23:19:31,149 [ModalContext] INFO  o.e.jgit.transport.TransportHttp - URI 'http://github.com/ketha29/FoE-RR-Backend.git': following HTTP redirect #0  http://github.com/ketha29/FoE-RR-Backend.git/ -> https://github.com/ketha29/FoE-RR-Backend.git/
2025-01-03 23:19:47,860 [ModalContext] INFO  o.e.jgit.transport.TransportHttp - URI 'http://github.com/ketha29/FoE-RR-Backend.git': following HTTP redirect #0  http://github.com/ketha29/FoE-RR-Backend.git/ -> https://github.com/ketha29/FoE-RR-Backend.git/
2025-01-03 23:20:09,046 [Worker-25: Update Maven projects configuration] INFO  o.e.m.c.i.p.ProjectConfigurationManager - Update started
2025-01-03 23:20:09,651 [Worker-25: Update Maven projects configuration] INFO  o.e.m.c.i.l.LifecycleMappingFactory - Using org.eclipse.m2e.jdt.JarLifecycleMapping lifecycle mapping for MavenProject: com.ketha:FoE-RoomReservation:0.0.1-SNAPSHOT @ /Users/ketha29/git/FoE-RR-Backend/pom.xml.
2025-01-03 23:20:10,259 [Worker-25: Update Maven projects configuration] INFO  o.e.m.j.i.AbstractJavaProjectConfigurator - Adding source folder /FoE-RR-Backend/src/main/java
2025-01-03 23:20:10,260 [Worker-25: Update Maven projects configuration] INFO  o.e.m.j.i.AbstractJavaProjectConfigurator - Adding resource folder /FoE-RR-Backend/src/main/resources
2025-01-03 23:20:10,269 [Worker-25: Update Maven projects configuration] INFO  o.e.m.j.i.AbstractJavaProjectConfigurator - Adding resource folder /FoE-RR-Backend/src/main/resources
2025-01-03 23:20:10,271 [Worker-25: Update Maven projects configuration] INFO  o.e.m.j.i.AbstractJavaProjectConfigurator - Adding source folder /FoE-RR-Backend/src/test/java
2025-01-03 23:20:10,271 [Worker-25: Update Maven projects configuration] INFO  o.e.m.j.i.AbstractJavaProjectConfigurator - Adding resource folder /FoE-RR-Backend/src/test/resources
2025-01-03 23:20:10,272 [Worker-25: Update Maven projects configuration] ERROR o.e.m.j.i.AbstractJavaProjectConfigurator - Failed to find a compatible VM for environment id 'JavaSE-21', falling back to workspace default
2025-01-03 23:20:10,880 [Worker-25: Update Maven projects configuration] INFO  o.e.m.c.i.p.ProjectConfigurationManager - Update completed for 1 poms: local refresh takes 0.00 sec, refresh facades takes 1.00 sec, update config takes 0.00 sec 
2025-01-03 23:20:11,937 [Worker-19: Building] INFO  o.a.m.s.f.DefaultMavenResourcesFiltering - Copying 0 resource from src/main/resources to target/classes
2025-01-03 23:20:11,938 [Worker-19: Building] INFO  o.a.m.s.f.DefaultMavenResourcesFiltering - Copying 5 resources from src/main/resources to target/classes
2025-01-03 23:20:11,945 [Worker-19: Building] INFO  o.a.m.s.f.DefaultMavenResourcesFiltering - skip non existing resourceDirectory /Users/ketha29/git/FoE-RR-Backend/src/test/resources
2025-01-03 23:31:28,672 [Worker-19: Building] INFO  o.a.m.s.f.DefaultMavenResourcesFiltering - Copying 0 resource from src/main/resources to target/classes
2025-01-03 23:31:28,672 [Worker-19: Building] INFO  o.a.m.s.f.DefaultMavenResourcesFiltering - Copying 5 resources from src/main/resources to target/classes
2025-01-03 23:31:28,675 [Worker-19: Building] INFO  o.a.m.s.f.DefaultMavenResourcesFiltering - skip non existing resourceDirectory /Users/ketha29/git/FoE-RR-Backend/src/test/resources
2025-01-03 23:31:41,416 [Worker-26: Building] INFO  o.a.m.s.f.DefaultMavenResourcesFiltering - Copying 0 resource from src/main/resources to target/classes
2025-01-03 23:31:41,417 [Worker-26: Building] INFO  o.a.m.s.f.DefaultMavenResourcesFiltering - Copying 5 resources from src/main/resources to target/classes
2025-01-03 23:31:41,419 [Worker-26: Building] INFO  o.a.m.s.f.DefaultMavenResourcesFiltering - skip non existing resourceDirectory /Users/ketha29/git/FoE-RR-Backend/src/test/resources
2025-01-03 23:33:45,055 [Worker-26: Building] INFO  o.a.m.s.f.DefaultMavenResourcesFiltering - Copying 0 resource from src/main/resources to target/classes
2025-01-03 23:33:45,056 [Worker-26: Building] INFO  o.a.m.s.f.DefaultMavenResourcesFiltering - Copying 5 resources from src/main/resources to target/classes
2025-01-03 23:33:45,058 [Worker-26: Building] INFO  o.a.m.s.f.DefaultMavenResourcesFiltering - skip non existing resourceDirectory /Users/ketha29/git/FoE-RR-Backend/src/test/resources
2025-01-03 23:34:03,820 [Worker-19: Building] INFO  o.a.m.s.f.DefaultMavenResourcesFiltering - Copying 0 resource from src/main/resources to target/classes
2025-01-03 23:34:03,821 [Worker-19: Building] INFO  o.a.m.s.f.DefaultMavenResourcesFiltering - Copying 5 resources from src/main/resources to target/classes
2025-01-03 23:34:03,823 [Worker-19: Building] INFO  o.a.m.s.f.DefaultMavenResourcesFiltering - skip non existing resourceDirectory /Users/ketha29/git/FoE-RR-Backend/src/test/resources
2025-01-03 23:35:52,308 [Worker-25: Building] INFO  o.a.m.s.f.DefaultMavenResourcesFiltering - Copying 0 resource from src/main/resources to target/classes
2025-01-03 23:35:52,309 [Worker-25: Building] INFO  o.a.m.s.f.DefaultMavenResourcesFiltering - Copying 5 resources from src/main/resources to target/classes
2025-01-03 23:35:52,310 [Worker-25: Building] INFO  o.a.m.s.f.DefaultMavenResourcesFiltering - skip non existing resourceDirectory /Users/ketha29/git/FoE-RR-Backend/src/test/resources
2025-01-03 23:35:59,867 [Worker-19: Building] INFO  o.a.m.s.f.DefaultMavenResourcesFiltering - Copying 0 resource from src/main/resources to target/classes
2025-01-03 23:35:59,867 [Worker-19: Building] INFO  o.a.m.s.f.DefaultMavenResourcesFiltering - Copying 5 resources from src/main/resources to target/classes
2025-01-03 23:35:59,868 [Worker-19: Building] INFO  o.a.m.s.f.DefaultMavenResourcesFiltering - skip non existing resourceDirectory /Users/ketha29/git/FoE-RR-Backend/src/test/resources
2025-01-03 23:36:21,326 [Worker-25: Building] INFO  o.a.m.s.f.DefaultMavenResourcesFiltering - Copying 0 resource from src/main/resources to target/classes
2025-01-03 23:36:21,327 [Worker-25: Building] INFO  o.a.m.s.f.DefaultMavenResourcesFiltering - Copying 5 resources from src/main/resources to target/classes
2025-01-03 23:36:21,330 [Worker-25: Building] INFO  o.a.m.s.f.DefaultMavenResourcesFiltering - skip non existing resourceDirectory /Users/ketha29/git/FoE-RR-Backend/src/test/resources
2025-01-03 23:36:34,734 [Worker-25: Building] INFO  o.a.m.s.f.DefaultMavenResourcesFiltering - Copying 0 resource from src/main/resources to target/classes
2025-01-03 23:36:34,734 [Worker-25: Building] INFO  o.a.m.s.f.DefaultMavenResourcesFiltering - Copying 5 resources from src/main/resources to target/classes
2025-01-03 23:36:34,736 [Worker-25: Building] INFO  o.a.m.s.f.DefaultMavenResourcesFiltering - skip non existing resourceDirectory /Users/ketha29/git/FoE-RR-Backend/src/test/resources
2025-01-03 23:40:45,533 [Worker-23: Building] INFO  o.a.m.s.f.DefaultMavenResourcesFiltering - Copying 1 resource from src/main/resources to target/classes
2025-01-03 23:40:45,549 [Worker-23: Building] INFO  o.a.m.s.f.DefaultMavenResourcesFiltering - Copying 0 resource from src/main/resources to target/classes
2025-01-03 23:40:45,552 [Worker-23: Building] INFO  o.a.m.s.f.DefaultMavenResourcesFiltering - skip non existing resourceDirectory /Users/ketha29/git/FoE-RR-Backend/src/test/resources
2025-01-03 23:41:38,932 [Worker-25: Building] INFO  o.a.m.s.f.DefaultMavenResourcesFiltering - Copying 1 resource from src/main/resources to target/classes
2025-01-03 23:41:38,934 [Worker-25: Building] INFO  o.a.m.s.f.DefaultMavenResourcesFiltering - Copying 0 resource from src/main/resources to target/classes
2025-01-03 23:41:38,936 [Worker-25: Building] INFO  o.a.m.s.f.DefaultMavenResourcesFiltering - skip non existing resourceDirectory /Users/ketha29/git/FoE-RR-Backend/src/test/resources
2025-01-03 23:53:01,620 [Worker-30: Building] INFO  o.a.m.s.f.DefaultMavenResourcesFiltering - Copying 1 resource from src/main/resources to target/classes
2025-01-03 23:53:01,627 [Worker-30: Building] INFO  o.a.m.s.f.DefaultMavenResourcesFiltering - Copying 5 resources from src/main/resources to target/classes
2025-01-03 23:53:01,629 [Worker-30: Building] INFO  o.a.m.s.f.DefaultMavenResourcesFiltering - skip non existing resourceDirectory /Users/ketha29/git/FoE-RR-Backend/src/test/resources
2025-01-04 10:30:51,524 [Worker-8: Loading available Gradle versions] INFO  o.e.b.c.i.u.g.PublishedGradleVersions - Gradle version information cache is up-to-date. Trying to read.
2025-01-04 10:33:07,869 [Worker-6: Loading available Gradle versions] INFO  o.e.b.c.i.u.g.PublishedGradleVersions - Gradle version information cache is up-to-date. Trying to read.
